2015-01-28 09:17:47,130 site:INFO start
2015-01-28 09:35:57,171 site:INFO home page
2015-01-28 09:35:57,171 site:INFO 0
2015-01-28 09:36:04,595 site:ERROR (1054, "Unknown column 'question' in 'field list'")
2015-01-28 09:38:10,976 site:ERROR (1062, "Duplicate entry '0' for key 'PRIMARY'")
2015-01-28 09:40:04,441 site:ERROR (1062, "Duplicate entry '0' for key 'PRIMARY'")
2015-01-28 09:40:10,476 site:ERROR (1062, "Duplicate entry '0' for key 'PRIMARY'")
2015-01-28 09:41:03,539 site:ERROR (1062, "Duplicate entry '0' for key 'PRIMARY'")
2015-01-28 09:41:15,908 site:ERROR (1062, "Duplicate entry '0' for key 'PRIMARY'")
2015-01-28 09:42:02,469 site:ERROR (1062, "Duplicate entry '0' for key 'PRIMARY'")
2015-01-28 09:43:09,437 site:INFO start
2015-01-28 09:43:14,213 site:ERROR (1062, "Duplicate entry '0' for key 'PRIMARY'")
2015-01-28 09:43:35,301 site:INFO start
2015-01-28 09:43:39,852 site:ERROR (1062, "Duplicate entry '0' for key 'PRIMARY'")
2015-01-28 10:14:38,170 site:INFO start
2015-01-28 10:16:32,747 site:INFO start
2015-01-28 10:24:40,604 site:INFO start
2015-01-28 10:25:51,881 site:INFO start
2015-01-28 10:27:58,760 site:INFO start
2015-01-28 10:31:17,096 site:INFO start
2015-01-28 10:53:20,341 site:INFO start
2015-01-28 13:19:31,730 site:INFO start
2015-01-28 13:20:09,713 site:INFO start
2015-01-28 13:20:34,480 site:INFO start
2015-01-28 13:23:07,072 site:INFO start
2015-01-28 13:28:46,427 site:INFO start
2015-01-28 13:29:55,266 site:INFO start
2015-01-28 13:31:28,101 site:INFO start
2015-01-28 13:32:21,380 site:INFO start
2015-01-28 13:32:56,808 site:INFO start
2015-01-28 13:33:08,525 site:INFO start
2015-01-28 13:36:28,351 site:INFO start
2015-01-28 13:38:37,494 site:INFO start
2015-01-28 13:40:06,938 site:INFO start
2015-01-28 13:41:15,953 site:INFO start
2015-01-28 13:42:21,395 site:INFO start
2015-01-28 13:46:30,505 site:INFO start
2015-01-28 13:47:12,408 site:INFO start
2015-01-28 13:47:34,937 site:INFO start
2015-01-28 13:48:13,565 site:INFO start
2015-01-28 13:48:42,576 site:INFO home page
2015-01-28 13:48:42,581 site:INFO 0
2015-01-28 13:49:37,605 site:INFO start
2015-01-28 13:49:49,059 site:INFO start
2015-01-28 13:50:32,131 site:INFO start
2015-01-28 13:50:43,582 site:INFO home page
2015-01-28 13:50:43,582 site:INFO 0
2015-01-28 13:50:55,236 site:INFO start
2015-01-28 13:50:56,792 site:INFO home page
2015-01-28 13:50:56,792 site:INFO 0
2015-01-28 13:52:39,141 site:INFO start
2015-01-28 13:53:21,404 site:INFO start
2015-01-28 13:53:29,401 site:INFO start
2015-01-28 13:54:54,693 site:INFO start
2015-01-28 13:57:43,658 site:INFO start
2015-01-28 14:00:02,009 site:INFO start
2015-01-28 14:08:23,881 site:INFO start
2015-01-28 14:08:25,507 site:INFO home page
2015-01-28 14:08:25,509 site:INFO 0
2015-01-28 14:09:50,762 site:INFO start
2015-01-28 14:09:56,085 site:INFO start
2015-01-28 14:09:56,529 site:INFO home page
2015-01-28 14:09:56,530 site:INFO 0
2015-01-28 14:11:01,460 site:INFO home page
2015-01-28 14:11:01,460 site:INFO 0
2015-01-28 14:12:55,956 site:INFO start
2015-01-28 14:14:45,625 site:INFO home page
2015-01-28 14:14:45,625 site:INFO 0
2015-01-28 14:17:29,717 site:INFO home page
2015-01-28 14:17:29,717 site:INFO 0
2015-01-28 14:18:20,575 site:INFO home page
2015-01-28 14:18:20,576 site:INFO 0
2015-01-28 14:18:48,134 site:INFO home page
2015-01-28 14:18:48,135 site:INFO 0
2015-01-28 14:18:59,609 site:INFO home page
2015-01-28 14:18:59,611 site:INFO 0
2015-01-28 14:19:47,290 site:INFO home page
2015-01-28 14:19:47,292 site:INFO 0
2015-01-28 14:20:21,364 site:INFO home page
2015-01-28 14:20:21,365 site:INFO 0
2015-01-28 14:20:38,278 site:INFO home page
2015-01-28 14:20:38,279 site:INFO 0
2015-01-28 14:23:51,711 site:INFO home page
2015-01-28 14:23:51,713 site:INFO 0
2015-01-28 14:26:42,042 site:INFO home page
2015-01-28 14:26:42,042 site:INFO 0
2015-01-28 14:26:55,802 site:INFO home page
2015-01-28 14:26:55,805 site:INFO 0
2015-01-28 14:27:52,463 site:INFO home page
2015-01-28 14:27:52,463 site:INFO 0
2015-01-28 14:28:04,892 site:INFO home page
2015-01-28 14:28:04,894 site:INFO 0
2015-01-28 14:30:26,536 site:INFO home page
2015-01-28 14:30:26,536 site:INFO 0
2015-01-28 14:30:45,013 site:INFO home page
2015-01-28 14:30:45,015 site:INFO 0
2015-01-28 14:31:10,201 site:INFO home page
2015-01-28 14:31:10,201 site:INFO 0
2015-01-28 14:32:07,062 site:INFO home page
2015-01-28 14:32:07,062 site:INFO 0
2015-01-28 14:33:29,312 site:INFO home page
2015-01-28 14:33:29,312 site:INFO 0
2015-01-28 14:34:30,242 site:INFO home page
2015-01-28 14:34:30,243 site:INFO 0
2015-01-28 14:35:26,802 site:INFO home page
2015-01-28 14:35:26,802 site:INFO 0
2015-01-28 14:35:37,904 site:INFO home page
2015-01-28 14:35:37,904 site:INFO 0
2015-01-28 14:36:11,210 site:INFO home page
2015-01-28 14:36:11,210 site:INFO 0
2015-01-28 14:37:43,854 site:INFO home page
2015-01-28 14:37:43,855 site:INFO 0
2015-01-28 14:38:54,732 site:INFO home page
2015-01-28 14:38:54,733 site:INFO 0
2015-01-28 14:39:13,979 site:INFO home page
2015-01-28 14:39:13,980 site:INFO 0
2015-01-28 14:40:54,332 site:INFO home page
2015-01-28 14:40:54,334 site:INFO 0
2015-01-28 14:41:12,278 site:INFO home page
2015-01-28 14:41:12,278 site:INFO 0
2015-01-28 14:42:00,030 site:INFO home page
2015-01-28 14:42:00,032 site:INFO 0
2015-01-28 14:42:19,259 site:INFO home page
2015-01-28 14:42:19,260 site:INFO 0
2015-01-28 14:42:47,023 site:INFO home page
2015-01-28 14:42:47,025 site:INFO 0
2015-01-28 14:43:01,983 site:INFO home page
2015-01-28 14:43:01,986 site:INFO 0
2015-01-28 14:43:20,670 site:INFO home page
2015-01-28 14:43:20,671 site:INFO 0
2015-01-28 14:45:35,696 site:INFO home page
2015-01-28 14:45:35,697 site:INFO 0
2015-01-28 14:45:48,032 site:INFO home page
2015-01-28 14:45:48,038 site:INFO 0
2015-01-28 14:45:58,329 site:INFO home page
2015-01-28 14:45:58,329 site:INFO 0
2015-01-28 14:47:03,943 site:INFO home page
2015-01-28 14:47:03,944 site:INFO 0
2015-01-28 16:37:55,171 site:INFO start
2015-01-28 19:53:30,882 site:INFO start
2015-01-28 20:03:09,440 site:INFO home page
2015-01-28 20:03:09,443 site:INFO 0
2015-01-28 20:03:33,555 site:INFO home page
2015-01-28 20:03:33,556 site:INFO 0
2015-01-28 20:07:48,532 site:INFO home page
2015-01-28 20:07:48,533 site:INFO 0
2015-01-28 20:13:55,938 site:INFO start
2015-01-28 20:18:06,894 site:INFO home page
2015-01-28 20:18:06,894 site:INFO 0
2015-01-28 20:18:18,046 site:INFO home page
2015-01-28 20:18:18,048 site:INFO 0
2015-01-28 20:20:23,142 site:INFO home page
2015-01-28 20:20:23,144 site:INFO 0
2015-01-28 20:20:34,861 site:INFO home page
2015-01-28 20:20:34,862 site:INFO 0
2015-01-28 20:21:34,456 site:INFO home page
2015-01-28 20:21:34,456 site:INFO 0
2015-01-28 20:24:38,375 site:INFO start
2015-01-28 20:25:29,378 site:INFO home page
2015-01-28 20:25:29,378 site:INFO 0
2015-01-28 20:30:57,653 site:INFO home page
2015-01-28 20:30:57,655 site:INFO 0
2015-01-28 20:31:17,180 site:INFO home page
2015-01-28 20:31:17,181 site:INFO 0
2015-01-28 20:31:26,040 site:INFO home page
2015-01-28 20:31:26,043 site:INFO 0
2015-01-28 20:53:17,213 site:INFO home page
2015-01-28 20:53:17,213 site:INFO 0
2015-01-28 20:54:10,418 site:INFO home page
2015-01-28 20:54:10,418 site:INFO 0
2015-01-28 21:42:05,786 site:INFO home page
2015-01-28 21:42:05,788 site:INFO 0
2015-01-28 22:29:47,315 site:INFO home page
2015-01-28 22:29:47,315 site:INFO 0
2015-01-28 22:29:49,684 site:INFO home page
2015-01-28 22:29:49,684 site:INFO 0
2015-01-28 22:29:54,861 site:INFO home page
2015-01-28 22:29:54,862 site:INFO 0
2015-01-28 22:30:02,844 site:INFO home page
2015-01-28 22:30:02,845 site:INFO 0
2015-01-28 22:31:56,219 site:INFO home page
2015-01-28 22:31:56,219 site:INFO 0
2015-01-28 22:37:59,861 site:INFO home page
2015-01-28 22:37:59,861 site:INFO 0
2015-01-28 22:38:28,686 site:INFO home page
2015-01-28 22:38:28,687 site:INFO 0
2015-01-28 22:40:15,447 site:INFO home page
2015-01-28 22:40:15,447 site:INFO 0
2015-01-28 22:40:28,479 site:INFO home page
2015-01-28 22:40:28,480 site:INFO 0
2015-01-28 22:40:36,677 site:INFO home page
2015-01-28 22:40:36,678 site:INFO 0
